<?xml version="1.0" encoding="UTF-8"?>
<!-- Generated by org.testng.reporters.JUnitReportReporter -->
<testsuite hostname="DESKTOP-O54SLV8" failures="0" tests="1" name="Tests.TC2_AddingItemsToCart" time="13.423" errors="0" timestamp="2025-06-21T20:39:23 EEST" skipped="0">
  <testcase classname="Tests.TC2_AddingItemsToCart" name="Add_Item_to_cart_TC" time="13.423"/>
</testsuite> <!-- Tests.TC2_AddingItemsToCart -->
