<?xml version="1.0" encoding="UTF-8"?>
<!-- Generated by org.testng.reporters.JUnitReportReporter -->
<testsuite hostname="DESKTOP-O54SLV8" failures="0" tests="1" name="Tests.TC3_CheckoutProcess" time="43.833" errors="0" timestamp="2025-06-23T02:55:03 EEST" skipped="0">
  <testcase classname="Tests.TC3_CheckoutProcess" name="Valid_Checkout" time="43.833"/>
</testsuite> <!-- Tests.TC3_CheckoutProcess -->
