<?xml version="1.0" encoding="UTF-8"?>
<!-- Generated by org.testng.reporters.JUnitReportReporter -->
<testsuite hostname="DESKTOP-O54SLV8" failures="0" tests="1" name="Tests.TC3_CheckoutProcess" time="30.876" errors="0" timestamp="2025-06-21T20:39:23 EEST" skipped="0">
  <testcase classname="Tests.TC3_CheckoutProcess" name="Valid_Checkout" time="30.876"/>
</testsuite> <!-- Tests.TC3_CheckoutProcess -->
