<?xml version="1.0" encoding="UTF-8"?>
<!-- Generated by org.testng.reporters.JUnitReportReporter -->
<testsuite hostname="DESKTOP-O54SLV8" failures="0" tests="1" name="Tests.TC2_AddingItemsToCart" time="34.534" errors="0" timestamp="2025-06-23T02:55:03 EEST" skipped="0">
  <testcase classname="Tests.TC2_AddingItemsToCart" name="Add_Item_to_cart_TC" time="34.534"/>
</testsuite> <!-- Tests.TC2_AddingItemsToCart -->
